e:\vs projects\neo hook\obj\x64\hookdxgi\release\vc141.pdb
e:\vs projects\neo hook\obj\x64\hookdxgi\release\sharedmemory.obj
e:\vs projects\neo hook\obj\x64\hookdxgi\release\main.obj
e:\vs projects\neo hook\obj\x64\hookdxgi\release\jobhandler.obj
e:\vs projects\neo hook\obj\x64\hookdxgi\release\hardhook.obj
e:\vs projects\neo hook\bin\x64\hookdxgi64.lib
e:\vs projects\neo hook\bin\x64\hookdxgi64.exp
e:\vs projects\neo hook\bin\x64\hookdxgi64.ipdb
e:\vs projects\neo hook\bin\x64\hookdxgi64.iobj
e:\vs projects\neo hook\bin\x64\hookdxgi64.dll
e:\vs projects\neo hook\bin\x64\hookdxgi64.pdb
e:\vs projects\neo hook\codepc\../bin/x64/hookdxgi64.pdb
e:\vs projects\neo hook\codepc\../bin/x64/hookdxgi64.dll
e:\vs projects\neo hook\obj\x64\hookdxgi\release\hookdxgi.tlog\cl.command.1.tlog
e:\vs projects\neo hook\obj\x64\hookdxgi\release\hookdxgi.tlog\cl.read.1.tlog
e:\vs projects\neo hook\obj\x64\hookdxgi\release\hookdxgi.tlog\cl.write.1.tlog
e:\vs projects\neo hook\obj\x64\hookdxgi\release\hookdxgi.tlog\hookdxgi.write.1u.tlog
e:\vs projects\neo hook\obj\x64\hookdxgi\release\hookdxgi.tlog\link.command.1.tlog
e:\vs projects\neo hook\obj\x64\hookdxgi\release\hookdxgi.tlog\link.read.1.tlog
e:\vs projects\neo hook\obj\x64\hookdxgi\release\hookdxgi.tlog\link.write.1.tlog
