e:\vs projects\160629-hookdemo\obj\x64\hookdxgi\release\vc141.pdb
e:\vs projects\160629-hookdemo\obj\x64\hookdxgi\release\main.obj
e:\vs projects\160629-hookdemo\obj\x64\hookdxgi\release\hardhook.obj
e:\vs projects\160629-hookdemo\obj\x64\hookdxgi\release\sharedmemory.obj
e:\vs projects\160629-hookdemo\obj\x64\hookdxgi\release\jobhandler.obj
e:\vs projects\160629-hookdemo\obj\x64\hookdxgi\release\d3d11main.obj
e:\vs projects\neo hook\obj\x64\hookdxgi\release\vc141.pdb
e:\vs projects\neo hook\obj\x64\hookdxgi\release\sharedmemory.obj
e:\vs projects\neo hook\obj\x64\hookdxgi\release\main.obj
e:\vs projects\neo hook\obj\x64\hookdxgi\release\jobhandler.obj
e:\vs projects\neo hook\obj\x64\hookdxgi\release\d3d11main.obj
e:\vs projects\neo hook\obj\x64\hookdxgi\release\hardhook.obj
e:\vs projects\160629-hookdemo\bin\x64\hookdxgi.lib
e:\vs projects\160629-hookdemo\bin\x64\hookdxgi.exp
e:\vs projects\160629-hookdemo\bin\x64\hookdxgi.ipdb
e:\vs projects\160629-hookdemo\bin\x64\hookdxgi.iobj
e:\vs projects\neo hook\bin\x64\hookdxgi.lib
e:\vs projects\neo hook\bin\x64\hookdxgi.exp
e:\vs projects\neo hook\bin\x64\hookdxgi.ipdb
e:\vs projects\neo hook\bin\x64\hookdxgi.iobj
e:\vs projects\160629-hookdemo\bin\x64\hookdxgi.dll
e:\vs projects\160629-hookdemo\bin\x64\hookdxgi.pdb
e:\vs projects\neo hook\bin\x64\hookdxgi.dll
e:\vs projects\neo hook\bin\x64\hookdxgi.pdb
e:\vs projects\neo hook\codepc\../bin/x64/hookdxgi.pdb
e:\vs projects\neo hook\codepc\../bin/x64/hookdxgi.dll
e:\vs projects\neo hook\obj\x64\hookdxgi\release\hookdxgi.tlog\cl.command.1.tlog
e:\vs projects\neo hook\obj\x64\hookdxgi\release\hookdxgi.tlog\cl.read.1.tlog
e:\vs projects\neo hook\obj\x64\hookdxgi\release\hookdxgi.tlog\cl.write.1.tlog
e:\vs projects\neo hook\obj\x64\hookdxgi\release\hookdxgi.tlog\hookdxgi.write.1u.tlog
e:\vs projects\neo hook\obj\x64\hookdxgi\release\hookdxgi.tlog\link.command.1.tlog
e:\vs projects\neo hook\obj\x64\hookdxgi\release\hookdxgi.tlog\link.delete.1.tlog
e:\vs projects\neo hook\obj\x64\hookdxgi\release\hookdxgi.tlog\link.read.1.tlog
e:\vs projects\neo hook\obj\x64\hookdxgi\release\hookdxgi.tlog\link.write.1.tlog
