c:\users\jzn\documents\d3d11 viewer\d3d11-hook\obj\x86\hookdxgi\debug\vc141.pdb
c:\users\jzn\documents\d3d11 viewer\d3d11-hook\obj\x86\hookdxgi\debug\vc141.idb
c:\users\jzn\documents\d3d11 viewer\d3d11-hook\obj\x86\hookdxgi\debug\sharedmemory.obj
c:\users\jzn\documents\d3d11 viewer\d3d11-hook\obj\x86\hookdxgi\debug\main.obj
c:\users\jzn\documents\d3d11 viewer\d3d11-hook\obj\x86\hookdxgi\debug\jobhandler.obj
c:\users\jzn\documents\d3d11 viewer\d3d11-hook\obj\x86\hookdxgi\debug\fakeid3d11device.obj
c:\users\jzn\documents\d3d11 viewer\d3d11-hook\obj\x86\hookdxgi\debug\hardhook.obj
c:\users\jzn\documents\d3d11 viewer\d3d11-hook\bin\x86\hookdxgi32d.lib
c:\users\jzn\documents\d3d11 viewer\d3d11-hook\bin\x86\hookdxgi32d.exp
c:\users\jzn\documents\d3d11 viewer\d3d11-hook\bin\x86\hookdxgi32d.ilk
c:\users\jzn\documents\d3d11 viewer\d3d11-hook\bin\x86\hookdxgi32d.dll
c:\users\jzn\documents\d3d11 viewer\d3d11-hook\bin\x86\hookdxgi32d.pdb
c:\users\jzn\documents\d3d11 viewer\d3d11-hook\codepc\../bin/x86/hookdxgi32d.pdb
c:\users\jzn\documents\d3d11 viewer\d3d11-hook\codepc\../bin/x86/hookdxgi32d.dll
c:\users\jzn\documents\d3d11 viewer\d3d11-hook\codepc\../bin/x86/hookdxgi32d.ilk
c:\users\jzn\documents\d3d11 viewer\d3d11-hook\obj\x86\hookdxgi\debug\hookdxgi.tlog\cl.command.1.tlog
c:\users\jzn\documents\d3d11 viewer\d3d11-hook\obj\x86\hookdxgi\debug\hookdxgi.tlog\cl.read.1.tlog
c:\users\jzn\documents\d3d11 viewer\d3d11-hook\obj\x86\hookdxgi\debug\hookdxgi.tlog\cl.write.1.tlog
c:\users\jzn\documents\d3d11 viewer\d3d11-hook\obj\x86\hookdxgi\debug\hookdxgi.tlog\hookdxgi.write.1u.tlog
c:\users\jzn\documents\d3d11 viewer\d3d11-hook\obj\x86\hookdxgi\debug\hookdxgi.tlog\link.command.1.tlog
c:\users\jzn\documents\d3d11 viewer\d3d11-hook\obj\x86\hookdxgi\debug\hookdxgi.tlog\link.read.1.tlog
c:\users\jzn\documents\d3d11 viewer\d3d11-hook\obj\x86\hookdxgi\debug\hookdxgi.tlog\link.write.1.tlog
