e:\vs projects\neo hook\obj\x64\viewer\release\vc141.pdb
e:\vs projects\neo hook\obj\x64\viewer\release\main.obj
e:\vs projects\neo hook\obj\x64\viewer\release\menuoptions.obj
e:\vs projects\neo hook\obj\x64\viewer\release\sharedmemory.obj
e:\vs projects\neo hook\obj\x64\viewer\release\jobhandler.obj
c:\users\jzn\documents\neo hook\bin\x64\viewer.exe
c:\users\jzn\documents\neo hook\bin\x64\viewer.pdb
e:\vs projects\neo hook\bin\x64\viewer.exe
e:\vs projects\neo hook\bin\x64\viewer.pdb
c:\users\jzn\documents\neo hook\bin\x64\viewer.ipdb
c:\users\jzn\documents\neo hook\bin\x64\viewer.iobj
e:\vs projects\neo hook\bin\x64\viewer.ipdb
e:\vs projects\neo hook\bin\x64\viewer.iobj
e:\vs projects\neo hook\codepc\../bin/x64/viewer.pdb
e:\vs projects\neo hook\codepc\../bin/x64/viewer.exe
e:\vs projects\neo hook\obj\x64\viewer\release\viewer.tlog\cl.command.1.tlog
e:\vs projects\neo hook\obj\x64\viewer\release\viewer.tlog\cl.read.1.tlog
e:\vs projects\neo hook\obj\x64\viewer\release\viewer.tlog\cl.write.1.tlog
e:\vs projects\neo hook\obj\x64\viewer\release\viewer.tlog\link.command.1.tlog
e:\vs projects\neo hook\obj\x64\viewer\release\viewer.tlog\link.read.1.tlog
e:\vs projects\neo hook\obj\x64\viewer\release\viewer.tlog\link.write.1.tlog
e:\vs projects\neo hook\obj\x64\viewer\release\viewer.tlog\viewer.write.1u.tlog
