e:\vs projects\160629-hookdemo\obj\x64\injector\release\vc141.pdb
e:\vs projects\160629-hookdemo\obj\x64\injector\release\main.obj
e:\vs projects\neo hook\obj\x64\injector\release\vc141.pdb
e:\vs projects\neo hook\obj\x64\injector\release\main.obj
e:\vs projects\160629-hookdemo\bin\x64\injector.ipdb
e:\vs projects\160629-hookdemo\bin\x64\injector.iobj
e:\vs projects\neo hook\bin\x64\injector.ipdb
e:\vs projects\neo hook\bin\x64\injector.iobj
e:\vs projects\160629-hookdemo\bin\x64\injector.exe
e:\vs projects\160629-hookdemo\bin\x64\injector.pdb
e:\vs projects\neo hook\bin\x64\injector.exe
e:\vs projects\neo hook\bin\x64\injector.pdb
e:\vs projects\neo hook\codepc\../bin/x64/injector.pdb
e:\vs projects\neo hook\codepc\../bin/x64/injector.exe
e:\vs projects\neo hook\obj\x64\injector\release\injector.tlog\cl.command.1.tlog
e:\vs projects\neo hook\obj\x64\injector\release\injector.tlog\cl.read.1.tlog
e:\vs projects\neo hook\obj\x64\injector\release\injector.tlog\cl.write.1.tlog
e:\vs projects\neo hook\obj\x64\injector\release\injector.tlog\injector.write.1u.tlog
e:\vs projects\neo hook\obj\x64\injector\release\injector.tlog\link.command.1.tlog
e:\vs projects\neo hook\obj\x64\injector\release\injector.tlog\link.read.1.tlog
e:\vs projects\neo hook\obj\x64\injector\release\injector.tlog\link.write.1.tlog
